  Command.cpp
C:\Users\User\Desktop\с++ 2 курс\репозиторій2\Command.cpp(125,20): warning C4018: '<': signed/unsigned mismatch
C:\Users\User\Desktop\с++ 2 курс\репозиторій2\Command.cpp(137,20): warning C4018: '<': signed/unsigned mismatch
C:\Users\User\Desktop\с++ 2 курс\репозиторій2\Command.cpp(140,20): warning C4018: '<': signed/unsigned mismatch
C:\Users\User\Desktop\с++ 2 курс\репозиторій2\Command.cpp(143,19): warning C4018: '<': signed/unsigned mismatch
C:\Users\User\Desktop\с++ 2 курс\репозиторій2\Command.cpp(154,20): warning C4018: '<': signed/unsigned mismatch
C:\Users\User\Desktop\с++ 2 курс\репозиторій2\Command.cpp(162,20): warning C4018: '<': signed/unsigned mismatch
C:\Users\User\Desktop\с++ 2 курс\репозиторій2\Command.cpp(170,20): warning C4018: '<': signed/unsigned mismatch
C:\Users\User\Desktop\с++ 2 курс\репозиторій2\Command.cpp(183,19): warning C4018: '<': signed/unsigned mismatch
C:\Users\User\Desktop\с++ 2 курс\репозиторій2\Command.cpp(185,20): warning C4018: '<': signed/unsigned mismatch
C:\Users\User\Desktop\с++ 2 курс\репозиторій2\Command.cpp(206,18): warning C4018: '<': signed/unsigned mismatch
C:\Users\User\Desktop\с++ 2 курс\репозиторій2\Command.cpp(216,19): warning C4018: '<': signed/unsigned mismatch
C:\Users\User\Desktop\с++ 2 курс\репозиторій2\Command.cpp(233,19): warning C4018: '<': signed/unsigned mismatch
C:\Users\User\Desktop\с++ 2 курс\репозиторій2\Command.cpp(246,19): warning C4018: '<': signed/unsigned mismatch
C:\Users\User\Desktop\с++ 2 курс\репозиторій2\Command.cpp(263,19): warning C4018: '<': signed/unsigned mismatch
C:\Users\User\Desktop\с++ 2 курс\репозиторій2\Command.cpp(281,19): warning C4018: '<': signed/unsigned mismatch
C:\Users\User\Desktop\с++ 2 курс\репозиторій2\Command.cpp(303,19): warning C4018: '<': signed/unsigned mismatch
C:\Users\User\Desktop\с++ 2 курс\репозиторій2\Command.cpp(369,19): warning C4018: '<': signed/unsigned mismatch
C:\Users\User\Desktop\с++ 2 курс\репозиторій2\Command.cpp(384,10): warning C4244: 'initializing': conversion from 'float' to 'int', possible loss of data
C:\Users\User\Desktop\с++ 2 курс\репозиторій2\Command.cpp(386,19): warning C4018: '<': signed/unsigned mismatch
C:\Users\User\Desktop\с++ 2 курс\репозиторій2\Command.cpp(390,60): warning C4244: '=': conversion from 'float' to 'int', possible loss of data
C:\Users\User\Desktop\с++ 2 курс\репозиторій2\Command.cpp(401,19): warning C4018: '<': signed/unsigned mismatch
C:\Users\User\Desktop\с++ 2 курс\репозиторій2\Command.cpp(406,19): warning C4018: '<': signed/unsigned mismatch
  main.cpp
  StaffRepository.cpp
C:\Users\User\Desktop\с++ 2 курс\репозиторій2\StaffRepository.cpp(43,19): warning C4018: '<': signed/unsigned mismatch
  Generating Code...
  репозиторій2.vcxproj -> C:\Users\User\Desktop\с++ 2 курс\репозиторій2\Debug\репозиторій2.exe
